<?xml version="1.0" encoding="UTF-8"?>
<testsuite name="QRCodeApiTest" tests="1" skipped="0" failures="0" errors="0" timestamp="2025-05-04T21:02:40" hostname="TROPICAL" time="2.318">
  <properties/>
  <testcase name="start" classname="QRCodeApiTest" time="2.318"/>
  <system-out><![CDATA[?[1;31m
Start test 1?[0m
?[0;34m
?[0m?[0;34m  .   ____          _            __ _ _
?[0m?[0;34m /\\ / ___'_ __ _ _(_)_ __  __ _ \ \ \ \
?[0m?[0;34m( ( )\___ | '_ | '_| | '_ \/ _` | \ \ \ \
?[0m?[0;34m \\/  ___)| |_)| | | | | || (_| |  ) ) ) )
?[0m?[0;34m  '  |____| .__|_| |_|_| |_\__, | / / / /
?[0m?[0;34m =========|_|==============|___/=/_/_/_/
?[0m?[0;34m :: Spring Boot ::                (v3.2.0)
?[0m?[0;34m
?[0m?[0;34m2025-05-05T00:02:40.540+03:00  INFO 24052 --- [    Test worker] qrcodeapi.Application                    : Starting Application using Java 21.0.6 with PID 24052 (started by david in C:\Projects\java\QRCode Service\QRCode Service\task)
?[0m?[0;34m2025-05-05T00:02:40.543+03:00  INFO 24052 --- [    Test worker] qrcodeapi.Application                    : No active profile set, falling back to 1 default profile: "default"
?[0m?[0;34m2025-05-05T00:02:41.460+03:00  INFO 24052 --- [    Test worker] o.s.b.w.embedded.tomcat.TomcatWebServer  : Tomcat initialized with port 8080 (http)
?[0m?[0;34m2025-05-05T00:02:41.469+03:00  INFO 24052 --- [    Test worker] o.apache.catalina.core.StandardService   : Starting service [Tomcat]
?[0m?[0;34m2025-05-05T00:02:41.469+03:00  INFO 24052 --- [    Test worker] o.apache.catalina.core.StandardEngine    : Starting Servlet engine: [Apache Tomcat/10.1.16]
?[0m?[0;34m2025-05-05T00:02:41.515+03:00  INFO 24052 --- [    Test worker] o.a.c.c.C.[Tomcat].[localhost].[/]       : Initializing Spring embedded WebApplicationContext
?[0m?[0;34m2025-05-05T00:02:41.516+03:00  INFO 24052 --- [    Test worker] w.s.c.ServletWebServerApplicationContext : Root WebApplicationContext: initialization completed in 938 ms
?[0m?[0;34m2025-05-05T00:02:41.987+03:00  INFO 24052 --- [    Test worker] o.s.b.a.e.web.EndpointLinksResolver      : Exposing 1 endpoint(s) beneath base path '/actuator'
?[0m?[0;34m2025-05-05T00:02:42.036+03:00  INFO 24052 --- [    Test worker] o.s.b.w.embedded.tomcat.TomcatWebServer  : Tomcat started on port 8080 (http) with context path ''
?[0m?[0;34m2025-05-05T00:02:42.045+03:00  INFO 24052 --- [    Test worker] qrcodeapi.Application                    : Started Application in 1.766 seconds (process running for 2.375)
?[0;34m2025-05-05T00:02:42.315+03:00  INFO 24052 --- [nio-8080-exec-2] o.a.c.c.C.[Tomcat].[localhost].[/]       : Initializing Spring DispatcherServlet 'dispatcherServlet'
?[0m?[0;34m2025-05-05T00:02:42.315+03:00  INFO 24052 --- [nio-8080-exec-2] o.s.web.servlet.DispatcherServlet        : Initializing Servlet 'dispatcherServlet'
?[0m?[0;34m2025-05-05T00:02:42.316+03:00  INFO 24052 --- [nio-8080-exec-2] o.s.web.servlet.DispatcherServlet        : Completed initialization in 1 ms
?[0m?[1;31m
Start test 2?[0m
]]></system-out>
  <system-err><![CDATA[]]></system-err>
</testsuite>
